<?xml version="1.0" encoding="UTF-8"?>
<robot generator="Robot 7.3 (Python 3.13.3 on win32)" generated="2025-06-30T09:02:45.650065" rpa="false" schemaversion="5">
<suite id="s1" name="Amazon Testes" source="C:\Users\desbravador\Downloads\Programa\RobotFramework\WebTesting\amazon_testes.robot">
<test id="s1-t1" name="Caso de Teste 04 - Remover Produto do Carrinho" line="42">
<kw name="Abrir o navegador" owner="amazon_resources" type="SETUP">
<kw name="Open Browser" owner="SeleniumLibrary">
<msg time="2025-06-30T09:02:45.957097" level="INFO">Opening browser 'chrome' to base url 'None'.</msg>
<msg time="2025-06-30T09:02:46.065240" level="WARN">The chromedriver version (137.0.7151.70) detected in PATH at C:\Users\desbravador\AppData\Local\Programs\Python\Python313\Scripts\chromedriver.exe might not be compatible with the detected chrome version (138.0.7204.49); currently, chromedriver 138.0.7204.49 is recommended for chrome 138.*, so it is advised to delete the driver in PATH and retry</msg>
<arg>browser=chrome</arg>
<doc>Opens a new browser instance to the optional ``url``.</doc>
<status status="PASS" start="2025-06-30T09:02:45.956828" elapsed="1.420848"/>
</kw>
<kw name="Maximize Browser Window" owner="SeleniumLibrary">
<doc>Maximizes current browser window.</doc>
<status status="PASS" start="2025-06-30T09:02:47.377931" elapsed="0.218680"/>
</kw>
<status status="PASS" start="2025-06-30T09:02:45.955748" elapsed="1.641001"/>
</kw>
<kw name="Acessar a home page do site Amazon.com.br" owner="amazon_resources">
<kw name="Go To" owner="SeleniumLibrary">
<msg time="2025-06-30T09:02:47.597850" level="INFO">Opening url 'https://www.amazon.com.br'</msg>
<arg>url=${URL}</arg>
<doc>Navigates the current browser window to the provided ``url``.</doc>
<status status="PASS" start="2025-06-30T09:02:47.597676" elapsed="7.675228"/>
</kw>
<kw name="Sleep" owner="BuiltIn">
<msg time="2025-06-30T09:03:00.273799" level="INFO">Slept 5 seconds.</msg>
<arg>5s</arg>
<doc>Pauses the test executed for the given time.</doc>
<status status="PASS" start="2025-06-30T09:02:55.273152" elapsed="5.001019"/>
</kw>
<status status="PASS" start="2025-06-30T09:02:47.597323" elapsed="12.677224"/>
</kw>
<kw name="Digitar o nome de produto &quot;Xbox Series S&quot; no campo de pesquisa" owner="amazon_resources" source_name="Digitar o nome de produto &quot;${PRODUTO}&quot; no campo de pesquisa">
<kw name="Input Text" owner="SeleniumLibrary">
<msg time="2025-06-30T09:03:00.277372" level="INFO">Typing text 'Xbox Series S' into text field 'twotabsearchtextbox'.</msg>
<arg>locator=twotabsearchtextbox</arg>
<arg>text=${PRODUTO}</arg>
<doc>Types the given ``text`` into the text field identified by ``locator``.</doc>
<status status="PASS" start="2025-06-30T09:03:00.276422" elapsed="0.237137"/>
</kw>
<status status="PASS" start="2025-06-30T09:03:00.275648" elapsed="0.238039"/>
</kw>
<kw name="Clicar no botão de pesquisa" owner="amazon_resources">
<kw name="Click Element" owner="SeleniumLibrary">
<msg time="2025-06-30T09:03:00.514818" level="INFO">Clicking element 'nav-search-submit-button'.</msg>
<arg>locator=nav-search-submit-button</arg>
<doc>Click the element identified by ``locator``.</doc>
<status status="PASS" start="2025-06-30T09:03:00.514493" elapsed="1.773484"/>
</kw>
<status status="PASS" start="2025-06-30T09:03:00.514080" elapsed="1.774033"/>
</kw>
<kw name="Verificar o resultado da pesquisa de está listando o produto &quot;Xbox Series S&quot;" owner="amazon_resources" source_name="Verificar o resultado da pesquisa de está listando o produto &quot;${PRODUTO}&quot;">
<kw name="Get Text" owner="SeleniumLibrary">
<arg>locator=(//span[normalize-space()='${PRODUTO}'])[1]</arg>
<doc>Returns the text value of the element identified by ``locator``.</doc>
<status status="PASS" start="2025-06-30T09:03:02.289219" elapsed="0.029925"/>
</kw>
<kw name="Capture Element Screenshot" owner="SeleniumLibrary">
<msg time="2025-06-30T09:03:02.500011" level="INFO" html="true">&lt;/td&gt;&lt;/tr&gt;&lt;tr&gt;&lt;td colspan="3"&gt;&lt;a href="selenium-element-screenshot-3.png"&gt;&lt;img src="selenium-element-screenshot-3.png" width="400px"&gt;&lt;/a&gt;</msg>
<arg>locator=(//span[normalize-space()='${PRODUTO}'])[1]</arg>
<doc>Captures a screenshot from the element identified by ``locator`` and embeds it into log file.</doc>
<status status="PASS" start="2025-06-30T09:03:02.319365" elapsed="0.180814"/>
</kw>
<status status="PASS" start="2025-06-30T09:03:02.288609" elapsed="0.211684"/>
</kw>
<kw name="Adicionar o produto &quot;Xbox Series S&quot; no carrinho" owner="amazon_resources" source_name="Adicionar o produto &quot;${PRODUTO}&quot; no carrinho">
<kw name="Click Element" owner="SeleniumLibrary">
<msg time="2025-06-30T09:03:02.501481" level="INFO">Clicking element '(//span[normalize-space()='Xbox Series S'])[1]'.</msg>
<arg>locator=(//span[normalize-space()='${PRODUTO}'])[1]</arg>
<doc>Click the element identified by ``locator``.</doc>
<status status="PASS" start="2025-06-30T09:03:02.501164" elapsed="2.750476"/>
</kw>
<kw name="Run Keyword And Return Status" owner="BuiltIn">
<kw name="Element Should Be Visible" owner="SeleniumLibrary">
<msg time="2025-06-30T09:03:05.278758" level="INFO">Element '//input[@id='add-to-cart-button']' is displayed.</msg>
<arg>locator=${BOTAO_ADD_CAR}</arg>
<doc>Verifies that the element identified by ``locator`` is visible.</doc>
<status status="PASS" start="2025-06-30T09:03:05.252135" elapsed="0.026729"/>
</kw>
<msg time="2025-06-30T09:03:05.279020" level="INFO">${Bota_add} = True</msg>
<var>${Bota_add}</var>
<arg>Element Should Be Visible</arg>
<arg>locator=${BOTAO_ADD_CAR}</arg>
<doc>Runs the given keyword with given arguments and returns the status as a Boolean value.</doc>
<status status="PASS" start="2025-06-30T09:03:05.251895" elapsed="0.027155"/>
</kw>
<kw name="Run Keyword And Return Status" owner="BuiltIn">
<kw name="Element Should Be Visible" owner="SeleniumLibrary">
<msg time="2025-06-30T09:03:05.321530" level="INFO">Element '//span[@id='submit.add-to-cart-announce']' is displayed.</msg>
<arg>locator=//span[@id='submit.add-to-cart-announce']</arg>
<doc>Verifies that the element identified by ``locator`` is visible.</doc>
<status status="PASS" start="2025-06-30T09:03:05.279428" elapsed="0.042211"/>
</kw>
<msg time="2025-06-30T09:03:05.321790" level="INFO">${Text_add} = True</msg>
<var>${Text_add}</var>
<arg>Element Should Be Visible</arg>
<arg>locator=//span[@id='submit.add-to-cart-announce']</arg>
<doc>Runs the given keyword with given arguments and returns the status as a Boolean value.</doc>
<status status="PASS" start="2025-06-30T09:03:05.279234" elapsed="0.042586"/>
</kw>
<for flavor="IN RANGE">
<iter>
<if>
<branch type="IF" condition="${Bota_add} and ${Text_add}">
<kw name="Log" owner="BuiltIn">
<msg time="2025-06-30T09:03:05.322828" level="INFO">Elemento encontrado após 1 TABs</msg>
<arg>Elemento encontrado após ${i} TABs</arg>
<doc>Logs the given message with the given level.</doc>
<status status="PASS" start="2025-06-30T09:03:05.322634" elapsed="0.000251"/>
</kw>
<kw name="Capture Element Screenshot" owner="SeleniumLibrary">
<msg time="2025-06-30T09:03:05.637092" level="INFO" html="true">&lt;/td&gt;&lt;/tr&gt;&lt;tr&gt;&lt;td colspan="3"&gt;&lt;a href="selenium-element-screenshot-4.png"&gt;&lt;img src="selenium-element-screenshot-4.png" width="400px"&gt;&lt;/a&gt;</msg>
<arg>locator=${BOTAO_ADD_CAR}</arg>
<doc>Captures a screenshot from the element identified by ``locator`` and embeds it into log file.</doc>
<status status="PASS" start="2025-06-30T09:03:05.323018" elapsed="0.314244"/>
</kw>
<kw name="Click Element" owner="SeleniumLibrary">
<msg time="2025-06-30T09:03:05.637699" level="INFO">Clicking element '//input[@id='add-to-cart-button']'.</msg>
<arg>locator=${BOTAO_ADD_CAR}</arg>
<doc>Click the element identified by ``locator``.</doc>
<status status="PASS" start="2025-06-30T09:03:05.637457" elapsed="0.191812"/>
</kw>
<break>
<status status="PASS" start="2025-06-30T09:03:05.829499" elapsed="0.000083"/>
</break>
<status status="PASS" start="2025-06-30T09:03:05.322349" elapsed="0.507306"/>
</branch>
<status status="PASS" start="2025-06-30T09:03:05.322311" elapsed="0.507590"/>
</if>
<kw name="Press Keys" owner="SeleniumLibrary">
<arg>${BODY}</arg>
<arg>\\09</arg>
<doc>Simulates the user pressing key(s) to an element or on the active browser.</doc>
<status status="NOT RUN" start="2025-06-30T09:03:05.830089" elapsed="0.000037"/>
</kw>
<kw name="Sleep" owner="BuiltIn">
<arg>2s</arg>
<doc>Pauses the test executed for the given time.</doc>
<status status="NOT RUN" start="2025-06-30T09:03:05.830240" elapsed="0.000030"/>
</kw>
<var name="${i}">1</var>
<status status="PASS" start="2025-06-30T09:03:05.322239" elapsed="0.508074"/>
</iter>
<var>${i}</var>
<value>1</value>
<value>30</value>
<status status="PASS" start="2025-06-30T09:03:05.321920" elapsed="0.508454"/>
</for>
<status status="PASS" start="2025-06-30T09:03:02.500825" elapsed="3.329650"/>
</kw>
<kw name="Verificar se o produto &quot;Xbox Series S&quot; foi adicionado com sucesso" owner="amazon_resources">
<kw name="Run Keyword And Return Status" owner="BuiltIn">
<kw name="Element Should Be Visible" owner="SeleniumLibrary">
<msg time="2025-06-30T09:03:05.998205" level="INFO" html="true">&lt;/td&gt;&lt;/tr&gt;&lt;tr&gt;&lt;td colspan="3"&gt;&lt;a href="selenium-screenshot-4.png"&gt;&lt;img src="selenium-screenshot-4.png" width="800px"&gt;&lt;/a&gt;</msg>
<msg time="2025-06-30T09:03:05.998386" level="FAIL">Element with locator '(//h1[normalize-space()='Adicionado ao carrinho'])[1]' not found.</msg>
<arg>locator=(//h1[normalize-space()='Adicionado ao carrinho'])[1]</arg>
<doc>Verifies that the element identified by ``locator`` is visible.</doc>
<status status="FAIL" start="2025-06-30T09:03:05.831346" elapsed="0.170320">Element with locator '(//h1[normalize-space()='Adicionado ao carrinho'])[1]' not found.</status>
</kw>
<msg time="2025-06-30T09:03:06.001825" level="INFO">${Text_Add} = False</msg>
<var>${Text_Add}</var>
<arg>Element Should Be Visible</arg>
<arg>locator=(//h1[normalize-space()='Adicionado ao carrinho'])[1]</arg>
<doc>Runs the given keyword with given arguments and returns the status as a Boolean value.</doc>
<status status="PASS" start="2025-06-30T09:03:05.831175" elapsed="0.170680"/>
</kw>
<kw name="Run Keyword And Return Status" owner="BuiltIn">
<kw name="Element Should Be Visible" owner="SeleniumLibrary">
<msg time="2025-06-30T09:03:06.126429" level="INFO" html="true">&lt;/td&gt;&lt;/tr&gt;&lt;tr&gt;&lt;td colspan="3"&gt;&lt;a href="selenium-screenshot-5.png"&gt;&lt;img src="selenium-screenshot-5.png" width="800px"&gt;&lt;/a&gt;</msg>
<msg time="2025-06-30T09:03:06.126587" level="FAIL">The element '(//i[@class='a-icon a-icon-alert'])[4]' should be visible, but it is not.</msg>
<arg>locator=(//i[@class='a-icon a-icon-alert'])[4]</arg>
<doc>Verifies that the element identified by ``locator`` is visible.</doc>
<status status="FAIL" start="2025-06-30T09:03:06.002229" elapsed="0.125120">The element '(//i[@class='a-icon a-icon-alert'])[4]' should be visible, but it is not.</status>
</kw>
<msg time="2025-06-30T09:03:06.127515" level="INFO">${Icon_Success} = False</msg>
<var>${Icon_Success}</var>
<arg>Element Should Be Visible</arg>
<arg>locator=(//i[@class='a-icon a-icon-alert'])[4]</arg>
<doc>Runs the given keyword with given arguments and returns the status as a Boolean value.</doc>
<status status="PASS" start="2025-06-30T09:03:06.002042" elapsed="0.125506"/>
</kw>
<if>
<branch type="IF" condition="${Text_Add} and ${Icon_Success}">
<kw name="Capture Element Screenshot" owner="SeleniumLibrary">
<arg>locator=(//h1[normalize-space()='Adicionado ao carrinho'])[1]</arg>
<doc>Captures a screenshot from the element identified by ``locator`` and embeds it into log file.</doc>
<status status="NOT RUN" start="2025-06-30T09:03:06.127963" elapsed="0.000034"/>
</kw>
<status status="NOT RUN" start="2025-06-30T09:03:06.127672" elapsed="0.000389"/>
</branch>
<status status="PASS" start="2025-06-30T09:03:06.127639" elapsed="0.000468"/>
</if>
<status status="PASS" start="2025-06-30T09:03:05.830833" elapsed="0.297332"/>
</kw>
<kw name="Remover o produto &quot;Xbox Series S&quot; do carrinho" owner="amazon_resources">
<kw name="Wait Until Element Is Visible" owner="SeleniumLibrary">
<msg time="2025-06-30T09:03:11.500443" level="INFO" html="true">&lt;/td&gt;&lt;/tr&gt;&lt;tr&gt;&lt;td colspan="3"&gt;&lt;a href="selenium-screenshot-6.png"&gt;&lt;img src="selenium-screenshot-6.png" width="800px"&gt;&lt;/a&gt;</msg>
<msg time="2025-06-30T09:03:11.500607" level="FAIL">Element '//button[@data-action='a-stepper-decrement']' not visible after 5 seconds.</msg>
<arg>locator=//button[@data-action='a-stepper-decrement']</arg>
<doc>Waits until the element ``locator`` is visible.</doc>
<status status="FAIL" start="2025-06-30T09:03:06.128835" elapsed="5.373130">Element '//button[@data-action='a-stepper-decrement']' not visible after 5 seconds.</status>
</kw>
<kw name="Click Element" owner="SeleniumLibrary">
<arg>locator=//button[@data-action='a-stepper-decrement']</arg>
<doc>Click the element identified by ``locator``.</doc>
<status status="NOT RUN" start="2025-06-30T09:03:11.502213" elapsed="0.000037"/>
</kw>
<kw name="Sleep" owner="BuiltIn">
<arg>2s</arg>
<doc>Pauses the test executed for the given time.</doc>
<status status="NOT RUN" start="2025-06-30T09:03:11.502360" elapsed="0.000029"/>
</kw>
<status status="FAIL" start="2025-06-30T09:03:06.128497" elapsed="5.374011">Element '//button[@data-action='a-stepper-decrement']' not visible after 5 seconds.</status>
</kw>
<kw name="Verificar se o carrinho fica vazio" owner="amazon_resources">
<status status="NOT RUN" start="2025-06-30T09:03:11.502912" elapsed="0.000044"/>
</kw>
<kw name="Fechar o navegador" owner="amazon_resources" type="TEARDOWN">
<kw name="Capture Page Screenshot" owner="SeleniumLibrary">
<msg time="2025-06-30T09:03:11.658283" level="INFO" html="true">&lt;/td&gt;&lt;/tr&gt;&lt;tr&gt;&lt;td colspan="3"&gt;&lt;a href="selenium-screenshot-7.png"&gt;&lt;img src="selenium-screenshot-7.png" width="800px"&gt;&lt;/a&gt;</msg>
<doc>Takes a screenshot of the current page and embeds it into a log file.</doc>
<status status="PASS" start="2025-06-30T09:03:11.504114" elapsed="0.154275"/>
</kw>
<kw name="Close Browser" owner="SeleniumLibrary">
<doc>Closes the current browser.</doc>
<status status="PASS" start="2025-06-30T09:03:11.658567" elapsed="2.389008"/>
</kw>
<status status="PASS" start="2025-06-30T09:03:11.503822" elapsed="2.544198"/>
</kw>
<doc>Esse teste verifica a remoção de um produto no carrinho de compras</doc>
<tag>remover_carrinho</tag>
<status status="FAIL" start="2025-06-30T09:02:45.954699" elapsed="28.094196">Element '//button[@data-action='a-stepper-decrement']' not visible after 5 seconds.</status>
</test>
<doc>Essa suite testa o site da amazon.com.br</doc>
<status status="FAIL" start="2025-06-30T09:02:45.651596" elapsed="28.401745"/>
</suite>
<statistics>
<total>
<stat pass="0" fail="1" skip="0">All Tests</stat>
</total>
<tag>
<stat pass="0" fail="1" skip="0">remover_carrinho</stat>
</tag>
<suite>
<stat name="Amazon Testes" id="s1" pass="0" fail="1" skip="0">Amazon Testes</stat>
</suite>
</statistics>
<errors>
<msg time="2025-06-30T09:02:46.065240" level="WARN">The chromedriver version (137.0.7151.70) detected in PATH at C:\Users\desbravador\AppData\Local\Programs\Python\Python313\Scripts\chromedriver.exe might not be compatible with the detected chrome version (138.0.7204.49); currently, chromedriver 138.0.7204.49 is recommended for chrome 138.*, so it is advised to delete the driver in PATH and retry</msg>
</errors>
</robot>
