<?xml version="1.0" encoding="UTF-8"?>
<robot generator="Robot 7.3 (Python 3.13.3 on win32)" generated="2025-06-24T10:03:07.227595" rpa="false" schemaversion="5">
<suite id="s1" name="Amazon Testes" source="C:\Users\desbravador\Downloads\Programa\RobotFramework\WebTesting\amazon_testes.robot">
<test id="s1-t1" name="Caso de teste 02 - Pesquisa de um Produto" line="22">
<kw name="Abrir o navegador" owner="amazon_resources" type="SETUP">
<kw name="Open Browser" owner="SeleniumLibrary">
<msg time="2025-06-24T10:03:07.604098" level="INFO">Opening browser 'chrome' to base url 'None'.</msg>
<arg>browser=chrome</arg>
<doc>Opens a new browser instance to the optional ``url``.</doc>
<status status="PASS" start="2025-06-24T10:03:07.603880" elapsed="1.329977"/>
</kw>
<kw name="Maximize Browser Window" owner="SeleniumLibrary">
<doc>Maximizes current browser window.</doc>
<status status="PASS" start="2025-06-24T10:03:08.934280" elapsed="0.032165"/>
</kw>
<status status="PASS" start="2025-06-24T10:03:07.603131" elapsed="1.363483"/>
</kw>
<kw name="Acessar a home page do site Amazon.com.br" owner="amazon_resources">
<kw name="Go To" owner="SeleniumLibrary">
<msg time="2025-06-24T10:03:08.967692" level="INFO">Opening url 'https://www.amazon.com.br'</msg>
<arg>url=${URL}</arg>
<doc>Navigates the current browser window to the provided ``url``.</doc>
<status status="PASS" start="2025-06-24T10:03:08.967485" elapsed="4.931419"/>
</kw>
<kw name="Sleep" owner="BuiltIn">
<msg time="2025-06-24T10:03:38.900557" level="INFO">Slept 25 seconds.</msg>
<arg>25s</arg>
<doc>Pauses the test executed for the given time.</doc>
<status status="PASS" start="2025-06-24T10:03:13.899411" elapsed="25.001360"/>
</kw>
<status status="PASS" start="2025-06-24T10:03:08.967152" elapsed="29.933765"/>
</kw>
<kw name="Digitar o nome de produto &quot;Xbox Series S&quot; no campo de pesquisa" owner="amazon_resources" source_name="Digitar o nome de produto &quot;${PRODUTO}&quot; no campo de pesquisa">
<kw name="Input Text" owner="SeleniumLibrary">
<msg time="2025-06-24T10:03:38.902236" level="INFO">Typing text 'Xbox Series S' into text field 'twotabsearchtextbox'.</msg>
<arg>locator=twotabsearchtextbox</arg>
<arg>text=${PRODUTO}</arg>
<doc>Types the given ``text`` into the text field identified by ``locator``.</doc>
<status status="PASS" start="2025-06-24T10:03:38.901748" elapsed="0.215193"/>
</kw>
<status status="PASS" start="2025-06-24T10:03:38.901398" elapsed="0.215686"/>
</kw>
<kw name="Clicar no botão de pesquisa" owner="amazon_resources">
<kw name="Click Element" owner="SeleniumLibrary">
<msg time="2025-06-24T10:03:39.118047" level="INFO">Clicking element 'nav-search-submit-button'.</msg>
<arg>locator=nav-search-submit-button</arg>
<doc>Click the element identified by ``locator``.</doc>
<status status="PASS" start="2025-06-24T10:03:39.117810" elapsed="2.374674"/>
</kw>
<status status="PASS" start="2025-06-24T10:03:39.117455" elapsed="2.375187"/>
</kw>
<kw name="Verificar o resultado da pesquisa de está listando o produto &quot;Xbox Series S&quot;" owner="amazon_resources" source_name="Verificar o resultado da pesquisa de está listando o produto &quot;${PRODUTO}&quot;">
<kw name="Get Text" owner="SeleniumLibrary">
<arg>locator=(//span[normalize-space()='${PRODUTO}'])[1]</arg>
<doc>Returns the text value of the element identified by ``locator``.</doc>
<status status="PASS" start="2025-06-24T10:03:41.493482" elapsed="0.045379"/>
</kw>
<status status="PASS" start="2025-06-24T10:03:41.493110" elapsed="0.045926"/>
</kw>
<kw name="Fechar o navegador" owner="amazon_resources" type="TEARDOWN">
<kw name="Capture Page Screenshot" owner="SeleniumLibrary">
<msg time="2025-06-24T10:03:41.669183" level="INFO" html="true">&lt;/td&gt;&lt;/tr&gt;&lt;tr&gt;&lt;td colspan="3"&gt;&lt;a href="selenium-screenshot-1.png"&gt;&lt;img src="selenium-screenshot-1.png" width="800px"&gt;&lt;/a&gt;</msg>
<doc>Takes a screenshot of the current page and embeds it into a log file.</doc>
<status status="PASS" start="2025-06-24T10:03:41.540029" elapsed="0.129403"/>
</kw>
<kw name="Close Browser" owner="SeleniumLibrary">
<doc>Closes the current browser.</doc>
<status status="PASS" start="2025-06-24T10:03:41.669844" elapsed="2.271929"/>
</kw>
<status status="PASS" start="2025-06-24T10:03:41.539626" elapsed="2.402609"/>
</kw>
<doc>Esse teste verifica a busca de um produto</doc>
<tag>busca_produtos lista_busca</tag>
<status status="PASS" start="2025-06-24T10:03:07.601720" elapsed="36.341434"/>
</test>
<doc>Essa suite testa o site da amazon.com.br</doc>
<status status="PASS" start="2025-06-24T10:03:07.229274" elapsed="36.717976"/>
</suite>
<statistics>
<total>
<stat pass="1" fail="0" skip="0">All Tests</stat>
</total>
<tag>
<stat pass="1" fail="0" skip="0">busca_produtos lista_busca</stat>
</tag>
<suite>
<stat name="Amazon Testes" id="s1" pass="1" fail="0" skip="0">Amazon Testes</stat>
</suite>
</statistics>
<errors>
</errors>
</robot>
